# JRE version: Java(TM) SE Runtime Environment (14.0.2+12) (build 14.0.2+12-46)
# Java VM: Java HotSpot(TM) 64-Bit Server VM (14.0.2+12-46, mixed mode, sharing, tiered, compressed oops, g1 gc, windows-amd64)
Heap:
 garbage-first heap   total 78848K, used 42485K [0x00000000c0c00000, 0x0000000100000000)
  region size 1024K, 26 young (26624K), 3 survivors (3072K)
 Metaspace       used 16393K, capacity 17035K, committed 17152K, reserved 1064960K
  class space    used 2015K, capacity 2246K, committed 2304K, reserved 1048576K
GC Heap History (14 events):
Event: 0.763 GC heap before
{Heap before GC invocations=0 (full 0):
 garbage-first heap   total 65536K, used 13312K [0x00000000c0c00000, 0x0000000100000000)
  region size 1024K, 13 young (13312K), 0 survivors (0K)
 Metaspace       used 980K, capacity 4844K, committed 5120K, reserved 1056768K
  class space    used 52K, capacity 424K, committed 512K, reserved 1048576K
}
Event: 0.772 GC heap after
{Heap after GC invocations=1 (full 0):
 garbage-first heap   total 65536K, used 9870K [0x00000000c0c00000, 0x0000000100000000)
  region size 1024K, 2 young (2048K), 2 survivors (2048K)
 Metaspace       used 980K, capacity 4844K, committed 5120K, reserved 1056768K
  class space    used 52K, capacity 424K, committed 512K, reserved 1048576K
}
Event: 0.989 GC heap before
{Heap before GC invocations=1 (full 0):
 garbage-first heap   total 65536K, used 17038K [0x00000000c0c00000, 0x0000000100000000)
  region size 1024K, 10 young (10240K), 2 survivors (2048K)
 Metaspace       used 1758K, capacity 5007K, committed 5120K, reserved 1056768K
  class space    used 136K, capacity 457K, committed 512K, reserved 1048576K
}
Event: 0.997 GC heap after
{Heap after GC invocations=2 (full 0):
 garbage-first heap   total 65536K, used 16172K [0x00000000c0c00000, 0x0000000100000000)
  region size 1024K, 2 young (2048K), 2 survivors (2048K)
 Metaspace       used 1758K, capacity 5007K, committed 5120K, reserved 1056768K
  class space    used 136K, capacity 457K, committed 512K, reserved 1048576K
}
Event: 1.430 GC heap before
{Heap before GC invocations=2 (full 0):
 garbage-first heap   total 65536K, used 28460K [0x00000000c0c00000, 0x0000000100000000)
  region size 1024K, 14 young (14336K), 2 survivors (2048K)
 Metaspace       used 3691K, capacity 6238K, committed 6272K, reserved 1056768K
  class space    used 388K, capacity 637K, committed 640K, reserved 1048576K
}
Event: 1.436 GC heap after
{Heap after GC invocations=3 (full 0):
 garbage-first heap   total 65536K, used 17414K [0x00000000c0c00000, 0x0000000100000000)
  region size 1024K, 2 young (2048K), 2 survivors (2048K)
 Metaspace       used 3691K, capacity 6238K, committed 6272K, reserved 1056768K
  class space    used 388K, capacity 637K, committed 640K, reserved 1048576K
}
Event: 1.792 GC heap before
{Heap before GC invocations=3 (full 0):
 garbage-first heap   total 65536K, used 30726K [0x00000000c0c00000, 0x0000000100000000)
  region size 1024K, 16 young (16384K), 2 survivors (2048K)
 Metaspace       used 4558K, capacity 6614K, committed 6912K, reserved 1056768K
  class space    used 494K, capacity 700K, committed 768K, reserved 1048576K
}
Event: 1.798 GC heap after
{Heap after GC invocations=4 (full 0):
 garbage-first heap   total 65536K, used 17861K [0x00000000c0c00000, 0x0000000100000000)
  region size 1024K, 1 young (1024K), 1 survivors (1024K)
 Metaspace       used 4558K, capacity 6614K, committed 6912K, reserved 1056768K
  class space    used 494K, capacity 700K, committed 768K, reserved 1048576K
}
Event: 1.820 GC heap before
{Heap before GC invocations=4 (full 0):
 garbage-first heap   total 65536K, used 40389K [0x00000000c0c00000, 0x0000000100000000)
  region size 1024K, 24 young (24576K), 1 survivors (1024K)
 Metaspace       used 4558K, capacity 6614K, committed 6912K, reserved 1056768K
  class space    used 494K, capacity 700K, committed 768K, reserved 1048576K
}
Event: 1.823 GC heap after
{Heap after GC invocations=5 (full 0):
 garbage-first heap   total 78848K, used 17816K [0x00000000c0c00000, 0x0000000100000000)
  region size 1024K, 1 young (1024K), 1 survivors (1024K)
 Metaspace       used 4558K, capacity 6614K, committed 6912K, reserved 1056768K
  class space    used 494K, capacity 700K, committed 768K, reserved 1048576K
}
Event: 3.318 GC heap before
{Heap before GC invocations=5 (full 0):
 garbage-first heap   total 78848K, used 56728K [0x00000000c0c00000, 0x0000000100000000)
  region size 1024K, 40 young (40960K), 1 survivors (1024K)
 Metaspace       used 8281K, capacity 9326K, committed 9472K, reserved 1056768K
  class space    used 998K, capacity 1191K, committed 1280K, reserved 1048576K
}
Event: 3.323 GC heap after
{Heap after GC invocations=6 (full 0):
 garbage-first heap   total 78848K, used 18852K [0x00000000c0c00000, 0x0000000100000000)
  region size 1024K, 2 young (2048K), 2 survivors (2048K)
 Metaspace       used 8281K, capacity 9326K, committed 9472K, reserved 1056768K
  class space    used 998K, capacity 1191K, committed 1280K, reserved 1048576K
}
Event: 4.624 GC heap before
{Heap before GC invocations=6 (full 0):
 garbage-first heap   total 78848K, used 57764K [0x00000000c0c00000, 0x0000000100000000)
  region size 1024K, 41 young (41984K), 2 survivors (2048K)
 Metaspace       used 14376K, capacity 14887K, committed 14976K, reserved 1062912K
  class space    used 1758K, capacity 1918K, committed 1920K, reserved 1048576K
}
Event: 4.632 GC heap after
{Heap after GC invocations=7 (full 0):
 garbage-first heap   total 78848K, used 19957K [0x00000000c0c00000, 0x0000000100000000)
  region size 1024K, 3 young (3072K), 3 survivors (3072K)
 Metaspace       used 14376K, capacity 14887K, committed 14976K, reserved 1062912K
  class space    used 1758K, capacity 1918K, committed 1920K, reserved 1048576K
}

